"exception":"-", GET /user 2020-10-06T06:29:52.333Z
"exception":"-","method":"GET","url":"/user","ip":"::1","date":"Tue, 06 Oct 2020 06:32:10 GMT"
{"exception":"-","method":"GET","url":"/user","ip":"::1","date":"Tue, 06 Oct 2020 06:36:48 GMT"}
{"exception":"-","method":"GET","url":"/user","ip":"::1","date":"Tue, 06 Oct 2020 06:38:10 GMT"}
{"exception":"Error: ER_ACCESS_DENIED_ERROR: Access denied for user 'root12'@'localhost' (using password: YES)","method":"GET","url":"/user","ip":"::1","date":"Tue, 06 Oct 2020 06:38:34 GMT"}
{"exception":"-","method":"GET","url":"/user","ip":"::1","date":"Thu, 08 Oct 2020 06:54:08 GMT"}
{"exception":"-","method":"GET","url":"/favicon.ico","ip":"::1","date":"Thu, 08 Oct 2020 06:54:09 GMT"}
{"exception":"-","method":"GET","url":"/user","ip":"::1","date":"Thu, 08 Oct 2020 06:54:41 GMT"}
{"exception":"-","method":"GET","url":"/user","ip":"::1","date":"Thu, 08 Oct 2020 06:55:15 GMT"}
{"exception":"-","method":"GET","url":"/user/1","ip":"::1","date":"Thu, 08 Oct 2020 07:04:42 GMT"}
{"exception":"-","method":"GET","url":"/user/1","ip":"::1","date":"Thu, 08 Oct 2020 07:04:45 GMT"}
{"exception":"-","method":"GET","url":"/user","ip":"::1","date":"Thu, 08 Oct 2020 07:10:46 GMT"}
{"exception":"-","method":"GET","url":"/user","ip":"::1","date":"Thu, 08 Oct 2020 07:10:54 GMT"}
{"exception":"-","method":"GET","url":"/user","ip":"::1","date":"Thu, 08 Oct 2020 07:10:55 GMT"}
{"exception":"-","method":"POST","url":"/login","ip":"::1","date":"Thu, 08 Oct 2020 07:21:48 GMT"}
{"exception":"-","method":"POST","url":"/user/login","ip":"::1","date":"Thu, 08 Oct 2020 07:22:35 GMT"}
{"exception":"-","method":"POST","url":"/user/login","ip":"::1","date":"Thu, 08 Oct 2020 07:23:28 GMT"}
{"exception":"-","method":"POST","url":"/user/login","ip":"::1","date":"Thu, 08 Oct 2020 07:26:37 GMT"}
{"exception":"-","method":"POST","url":"/user/login","ip":"::1","date":"Thu, 08 Oct 2020 07:30:25 GMT"}
{"exception":"-","method":"GET","url":"/user","ip":"::1","date":"Thu, 08 Oct 2020 07:30:25 GMT"}
{"exception":"-","method":"GET","url":"/user/1","ip":"::1","date":"Thu, 08 Oct 2020 07:31:57 GMT"}
{"exception":"-","method":"GET","url":"/user/1","ip":"::1","date":"Thu, 08 Oct 2020 07:32:00 GMT"}
{"exception":"-","method":"GET","url":"/user/1","ip":"::1","date":"Thu, 08 Oct 2020 07:32:56 GMT"}
{"exception":"-","method":"POST","url":"/user/login","ip":"::1","date":"Thu, 08 Oct 2020 07:34:22 GMT"}
{"exception":"-","method":"GET","url":"/user","ip":"::1","date":"Thu, 08 Oct 2020 07:34:22 GMT"}
{"exception":"-","method":"GET","url":"/user/1","ip":"::1","date":"Thu, 08 Oct 2020 07:34:24 GMT"}
{"exception":"-","method":"POST","url":"/user/login","ip":"::1","date":"Thu, 08 Oct 2020 07:35:56 GMT"}
{"exception":"-","method":"GET","url":"/user","ip":"::1","date":"Thu, 08 Oct 2020 07:35:56 GMT"}
{"exception":"-","method":"GET","url":"/user/1","ip":"::1","date":"Thu, 08 Oct 2020 07:36:00 GMT"}
{"exception":"-","method":"POST","url":"/user/login","ip":"::1","date":"Thu, 08 Oct 2020 08:10:48 GMT"}
{"exception":"-","method":"GET","url":"/user","ip":"::1","date":"Thu, 08 Oct 2020 08:10:48 GMT"}
{"exception":"-","method":"GET","url":"/user/1","ip":"::1","date":"Thu, 08 Oct 2020 08:13:43 GMT"}
{"exception":"-","method":"POST","url":"/user/login","ip":"::1","date":"Thu, 08 Oct 2020 08:15:59 GMT"}
{"exception":"-","method":"POST","url":"/user/login","ip":"::1","date":"Thu, 08 Oct 2020 08:15:59 GMT"}
{"exception":"-","method":"POST","url":"/user/login","ip":"::1","date":"Thu, 08 Oct 2020 08:15:59 GMT"}
{"exception":"-","method":"POST","url":"/user/login","ip":"::1","date":"Thu, 08 Oct 2020 08:15:59 GMT"}
{"exception":"-","method":"POST","url":"/user/login","ip":"::1","date":"Thu, 08 Oct 2020 08:16:23 GMT"}
{"exception":"-","method":"POST","url":"/user/login","ip":"::1","date":"Thu, 08 Oct 2020 08:16:23 GMT"}
{"exception":"-","method":"POST","url":"/user/login","ip":"::1","date":"Thu, 08 Oct 2020 08:16:23 GMT"}
{"exception":"-","method":"POST","url":"/user/login","ip":"::1","date":"Thu, 08 Oct 2020 08:16:23 GMT"}
{"exception":"-","method":"POST","url":"/user/login","ip":"::1","date":"Thu, 08 Oct 2020 08:17:09 GMT"}
{"exception":"-","method":"POST","url":"/user/login","ip":"::1","date":"Thu, 08 Oct 2020 08:17:09 GMT"}
{"exception":"-","method":"POST","url":"/user/login","ip":"::1","date":"Thu, 08 Oct 2020 08:17:09 GMT"}
{"exception":"-","method":"POST","url":"/user/login","ip":"::1","date":"Thu, 08 Oct 2020 08:17:09 GMT"}
{"exception":"-","method":"POST","url":"/user/login","ip":"::ffff:127.0.0.1","date":"Thu, 08 Oct 2020 08:17:09 GMT"}
{"exception":"-","method":"POST","url":"/user/login","ip":"::1","date":"Thu, 08 Oct 2020 08:17:19 GMT"}
{"exception":"-","method":"POST","url":"/user/login","ip":"::1","date":"Thu, 08 Oct 2020 08:17:19 GMT"}
{"exception":"-","method":"POST","url":"/user/login","ip":"::1","date":"Thu, 08 Oct 2020 08:18:11 GMT"}
{"exception":"-","method":"GET","url":"/user","ip":"::1","date":"Thu, 08 Oct 2020 08:18:11 GMT"}
{"exception":"-","method":"GET","url":"/user/1","ip":"::1","date":"Thu, 08 Oct 2020 08:18:23 GMT"}
{"exception":"-","method":"POST","url":"/user/login","ip":"::1","date":"Thu, 08 Oct 2020 08:23:17 GMT"}
{"exception":"-","method":"POST","url":"/user/login","ip":"::1","date":"Thu, 08 Oct 2020 08:23:17 GMT"}
{"exception":"-","method":"POST","url":"/user/login","ip":"::1","date":"Thu, 08 Oct 2020 08:23:17 GMT"}
{"exception":"-","method":"POST","url":"/user/login","ip":"::1","date":"Thu, 08 Oct 2020 08:23:17 GMT"}
{"exception":"-","method":"POST","url":"/user/login","ip":"::1","date":"Thu, 08 Oct 2020 08:23:17 GMT"}
{"exception":"-","method":"POST","url":"/user/login","ip":"::1","date":"Thu, 08 Oct 2020 08:23:17 GMT"}
{"exception":"-","method":"POST","url":"/user/login","ip":"::1","date":"Thu, 08 Oct 2020 08:23:17 GMT"}
{"exception":"-","method":"POST","url":"/user/login","ip":"::1","date":"Thu, 08 Oct 2020 08:23:17 GMT"}
{"exception":"-","method":"POST","url":"/user/login","ip":"::1","date":"Thu, 08 Oct 2020 08:23:17 GMT"}
{"exception":"-","method":"POST","url":"/user/login","ip":"::1","date":"Thu, 08 Oct 2020 08:23:17 GMT"}
{"exception":"-","method":"POST","url":"/user/login","ip":"::1","date":"Thu, 08 Oct 2020 08:23:17 GMT"}
{"exception":"-","method":"POST","url":"/user/login","ip":"::1","date":"Thu, 08 Oct 2020 08:23:17 GMT"}
{"exception":"-","method":"POST","url":"/user/login","ip":"::1","date":"Thu, 08 Oct 2020 08:23:17 GMT"}
{"exception":"-","method":"GET","url":"/user","ip":"::1","date":"Thu, 08 Oct 2020 08:23:17 GMT"}
{"exception":"-","method":"POST","url":"/user/login","ip":"::1","date":"Thu, 08 Oct 2020 08:23:27 GMT"}
{"exception":"-","method":"GET","url":"/user","ip":"::1","date":"Thu, 08 Oct 2020 08:23:28 GMT"}
{"exception":"-","method":"POST","url":"/user/login","ip":"::1","date":"Thu, 08 Oct 2020 08:25:21 GMT"}
{"exception":"-","method":"GET","url":"/user","ip":"::1","date":"Thu, 08 Oct 2020 08:25:21 GMT"}
{"exception":"-","method":"GET","url":"/user","ip":"::1","date":"Thu, 08 Oct 2020 08:30:15 GMT"}
{"exception":"-","method":"GET","url":"/user/1","ip":"::1","date":"Thu, 08 Oct 2020 08:38:34 GMT"}
{"exception":"-","method":"GET","url":"/user/1","ip":"::1","date":"Thu, 08 Oct 2020 08:38:37 GMT"}
{"exception":"-","method":"GET","url":"/user/1","ip":"::1","date":"Thu, 08 Oct 2020 08:38:39 GMT"}
{"exception":"-","method":"POST","url":"/user/login","ip":"::1","date":"Thu, 08 Oct 2020 08:38:55 GMT"}
{"exception":"-","method":"GET","url":"/user","ip":"::1","date":"Thu, 08 Oct 2020 08:38:56 GMT"}
{"exception":"-","method":"GET","url":"/user/1'","ip":"::1","date":"Thu, 08 Oct 2020 08:39:04 GMT"}
{"exception":"-","method":"GET","url":"/user/1","ip":"::1","date":"Thu, 08 Oct 2020 08:39:09 GMT"}
{"exception":"-","method":"GET","url":"/user/1","ip":"::1","date":"Thu, 08 Oct 2020 08:39:11 GMT"}
{"exception":"-","method":"GET","url":"/user/1","ip":"::1","date":"Thu, 08 Oct 2020 08:39:41 GMT"}
{"exception":"-","method":"GET","url":"/user/1","ip":"::1","date":"Thu, 08 Oct 2020 08:41:01 GMT"}
{"exception":"-","method":"POST","url":"/user/login","ip":"::1","date":"Thu, 08 Oct 2020 08:41:12 GMT"}
{"exception":"-","method":"GET","url":"/user","ip":"::1","date":"Thu, 08 Oct 2020 08:41:12 GMT"}
{"exception":"-","method":"GET","url":"/user/1","ip":"::1","date":"Thu, 08 Oct 2020 08:41:31 GMT"}
{"exception":"-","method":"GET","url":"/user","ip":"::1","date":"Thu, 08 Oct 2020 08:42:27 GMT"}
{"exception":"-","method":"GET","url":"/login.html","ip":"::1","date":"Thu, 08 Oct 2020 08:45:42 GMT"}
{"exception":"-","method":"GET","url":"/css/login.css","ip":"::1","date":"Thu, 08 Oct 2020 08:45:42 GMT"}
{"exception":"-","method":"POST","url":"/user/login","ip":"::1","date":"Thu, 08 Oct 2020 08:45:51 GMT"}
{"exception":"-","method":"GET","url":"/user","ip":"::1","date":"Thu, 08 Oct 2020 08:45:52 GMT"}
{"exception":"-","method":"POST","url":"/user/login","ip":"::1","date":"Thu, 08 Oct 2020 08:48:23 GMT"}
{"exception":"-","method":"GET","url":"/user","ip":"::1","date":"Thu, 08 Oct 2020 08:48:23 GMT"}
{"exception":"-","method":"GET","url":"/login.html","ip":"::1","date":"Thu, 08 Oct 2020 08:50:46 GMT"}
{"exception":"-","method":"GET","url":"/css/login.css","ip":"::1","date":"Thu, 08 Oct 2020 08:50:46 GMT"}
{"exception":"-","method":"POST","url":"/user/login","ip":"::1","date":"Thu, 08 Oct 2020 08:50:50 GMT"}
{"exception":"-","method":"GET","url":"/user","ip":"::1","date":"Thu, 08 Oct 2020 08:50:51 GMT"}
{"exception":"-","method":"GET","url":"/viewUsers.html","ip":"::1","date":"Thu, 08 Oct 2020 08:51:19 GMT"}
{"exception":"-","method":"GET","url":"/user","ip":"::1","date":"Thu, 08 Oct 2020 08:51:19 GMT"}
{"exception":"-","method":"GET","url":"/login.html","ip":"::1","date":"Thu, 08 Oct 2020 08:51:25 GMT"}
{"exception":"-","method":"GET","url":"/css/login.css","ip":"::1","date":"Thu, 08 Oct 2020 08:51:26 GMT"}
{"exception":"-","method":"POST","url":"/user/login","ip":"::1","date":"Thu, 08 Oct 2020 08:51:34 GMT"}
{"exception":"-","method":"GET","url":"/user","ip":"::1","date":"Thu, 08 Oct 2020 08:51:35 GMT"}
{"exception":"-","method":"GET","url":"/login.html","ip":"::1","date":"Thu, 08 Oct 2020 08:52:51 GMT"}
{"exception":"-","method":"GET","url":"/css/login.css","ip":"::1","date":"Thu, 08 Oct 2020 08:52:51 GMT"}
{"exception":"-","method":"POST","url":"/user/login","ip":"::1","date":"Thu, 08 Oct 2020 08:52:55 GMT"}
{"exception":"-","method":"GET","url":"/login.html","ip":"::1","date":"Thu, 08 Oct 2020 08:53:01 GMT"}
{"exception":"-","method":"GET","url":"/css/login.css","ip":"::1","date":"Thu, 08 Oct 2020 08:53:01 GMT"}
{"exception":"-","method":"GET","url":"/login.html","ip":"::1","date":"Thu, 08 Oct 2020 08:53:01 GMT"}
{"exception":"-","method":"GET","url":"/css/login.css","ip":"::1","date":"Thu, 08 Oct 2020 08:53:02 GMT"}
{"exception":"-","method":"GET","url":"/login.html","ip":"::1","date":"Thu, 08 Oct 2020 08:53:02 GMT"}
{"exception":"-","method":"GET","url":"/css/login.css","ip":"::1","date":"Thu, 08 Oct 2020 08:53:02 GMT"}
{"exception":"-","method":"POST","url":"/user/login","ip":"::1","date":"Thu, 08 Oct 2020 08:53:41 GMT"}
{"exception":"-","method":"GET","url":"/login.html","ip":"::1","date":"Thu, 08 Oct 2020 08:53:46 GMT"}
{"exception":"-","method":"GET","url":"/css/login.css","ip":"::1","date":"Thu, 08 Oct 2020 08:53:47 GMT"}
{"exception":"-","method":"GET","url":"/login.html","ip":"::1","date":"Thu, 08 Oct 2020 08:53:47 GMT"}
{"exception":"-","method":"GET","url":"/css/login.css","ip":"::1","date":"Thu, 08 Oct 2020 08:53:47 GMT"}
{"exception":"-","method":"GET","url":"/login.html","ip":"::1","date":"Thu, 08 Oct 2020 08:53:47 GMT"}
{"exception":"-","method":"GET","url":"/css/login.css","ip":"::1","date":"Thu, 08 Oct 2020 08:53:47 GMT"}
{"exception":"-","method":"POST","url":"/user/login","ip":"::1","date":"Thu, 08 Oct 2020 08:53:54 GMT"}
{"exception":"-","method":"GET","url":"/viewUsers.html","ip":"::1","date":"Thu, 08 Oct 2020 08:53:54 GMT"}
{"exception":"-","method":"GET","url":"/user","ip":"::1","date":"Thu, 08 Oct 2020 08:53:54 GMT"}
{"exception":"-","method":"GET","url":"/user/1","ip":"::1","date":"Thu, 08 Oct 2020 08:53:56 GMT"}
{"exception":"-","method":"GET","url":"/user/2","ip":"::1","date":"Thu, 08 Oct 2020 08:53:58 GMT"}
{"exception":"-","method":"GET","url":"/user/1","ip":"::1","date":"Thu, 08 Oct 2020 08:54:07 GMT"}
{"exception":"-","method":"GET","url":"/user/1","ip":"::1","date":"Thu, 08 Oct 2020 08:58:42 GMT"}
{"exception":"-","method":"GET","url":"/user/1","ip":"::1","date":"Thu, 08 Oct 2020 08:58:43 GMT"}
{"exception":"-","method":"GET","url":"/login.html","ip":"::1","date":"Thu, 08 Oct 2020 09:01:21 GMT"}
{"exception":"-","method":"GET","url":"/css/login.css","ip":"::1","date":"Thu, 08 Oct 2020 09:01:21 GMT"}
{"exception":"-","method":"GET","url":"/viewUsers.html","ip":"::1","date":"Thu, 08 Oct 2020 09:02:57 GMT"}
{"exception":"-","method":"GET","url":"/user","ip":"::1","date":"Thu, 08 Oct 2020 09:02:57 GMT"}
{"exception":"-","method":"GET","url":"/user/1","ip":"::1","date":"Thu, 08 Oct 2020 09:02:59 GMT"}
{"exception":"-","method":"POST","url":"/user/login","ip":"::1","date":"Thu, 08 Oct 2020 09:08:32 GMT"}
{"exception":"-","method":"GET","url":"/viewUsers.html","ip":"::1","date":"Thu, 08 Oct 2020 09:08:32 GMT"}
{"exception":"-","method":"GET","url":"/user","ip":"::1","date":"Thu, 08 Oct 2020 09:08:32 GMT"}
{"exception":"-","method":"GET","url":"/user/1","ip":"::1","date":"Thu, 08 Oct 2020 09:08:57 GMT"}
{"exception":"-","method":"GET","url":"/user","ip":"::1","date":"Thu, 08 Oct 2020 09:11:24 GMT"}
{"exception":"-","method":"GET","url":"/user/1","ip":"::1","date":"Thu, 08 Oct 2020 09:11:25 GMT"}
{"exception":"-","method":"POST","url":"/user/login","ip":"::1","date":"Thu, 08 Oct 2020 09:12:14 GMT"}
{"exception":"-","method":"GET","url":"/viewUsers.html","ip":"::1","date":"Thu, 08 Oct 2020 09:12:14 GMT"}
{"exception":"-","method":"GET","url":"/user","ip":"::1","date":"Thu, 08 Oct 2020 09:12:14 GMT"}
{"exception":"-","method":"GET","url":"/user/1","ip":"::1","date":"Thu, 08 Oct 2020 09:16:49 GMT"}
{"exception":"-","method":"POST","url":"/user/login","ip":"::1","date":"Thu, 08 Oct 2020 09:23:27 GMT"}
{"exception":"-","method":"GET","url":"/viewUsers.html","ip":"::1","date":"Thu, 08 Oct 2020 09:23:27 GMT"}
{"exception":"-","method":"GET","url":"/user","ip":"::1","date":"Thu, 08 Oct 2020 09:23:27 GMT"}
{"exception":"-","method":"GET","url":"/user/1?","ip":"::1","date":"Thu, 08 Oct 2020 09:23:50 GMT"}
{"exception":"-","method":"GET","url":"/user","ip":"::1","date":"Mon, 12 Oct 2020 06:59:02 GMT"}
{"exception":"-","method":"GET","url":"/favicon.ico","ip":"::1","date":"Mon, 12 Oct 2020 06:59:02 GMT"}
{"exception":"-","method":"GET","url":"/csrfTestGet","ip":"::1","date":"Mon, 12 Oct 2020 06:59:13 GMT"}
{"exception":"-","method":"GET","url":"/csrfTestGet","ip":"::1","date":"Mon, 12 Oct 2020 07:00:01 GMT"}
{"exception":"-","method":"GET","url":"/csrfTestGet","ip":"::1","date":"Mon, 12 Oct 2020 07:00:25 GMT"}
{"exception":"-","method":"GET","url":"/csrfTestGet","ip":"::1","date":"Mon, 12 Oct 2020 07:00:26 GMT"}
{"exception":"-","method":"GET","url":"/csrfTestGet","ip":"::1","date":"Mon, 12 Oct 2020 07:00:27 GMT"}
{"exception":"-","method":"GET","url":"/csrfTestGet","ip":"::1","date":"Mon, 12 Oct 2020 07:00:29 GMT"}
{"exception":"-","method":"GET","url":"/csrfModifyData","ip":"::1","date":"Mon, 12 Oct 2020 07:00:39 GMT"}
{"exception":"-","method":"POST","url":"/csrfModifyData","ip":"::1","date":"Mon, 12 Oct 2020 07:02:21 GMT"}
{"exception":"-","method":"POST","url":"/csrfModifyData","ip":"::1","date":"Mon, 12 Oct 2020 07:02:41 GMT"}
{"exception":"-","method":"GET","url":"/csrfTestGet","ip":"::1","date":"Mon, 12 Oct 2020 07:02:56 GMT"}
{"exception":"-","method":"GET","url":"/csrfTestGet","ip":"::1","date":"Mon, 12 Oct 2020 07:03:15 GMT"}
{"exception":"-","method":"POST","url":"/csrfModifyData","ip":"::1","date":"Mon, 12 Oct 2020 07:03:48 GMT"}
{"exception":"-","method":"POST","url":"/csrfModifyData","ip":"::1","date":"Mon, 12 Oct 2020 07:04:04 GMT"}
{"exception":"-","method":"POST","url":"/csrfModifyData","ip":"::1","date":"Mon, 12 Oct 2020 07:04:25 GMT"}
{"exception":"-","method":"GET","url":"/csrfTestGet","ip":"::1","date":"Mon, 12 Oct 2020 07:04:30 GMT"}
{"exception":"-","method":"POST","url":"/csrfModifyData","ip":"::1","date":"Mon, 12 Oct 2020 07:04:50 GMT"}
{"exception":"-","method":"POST","url":"/csrfModifyData","ip":"::1","date":"Mon, 12 Oct 2020 07:06:13 GMT"}
{"exception":"-","method":"POST","url":"/csrfModifyData","ip":"::1","date":"Mon, 12 Oct 2020 07:06:17 GMT"}
{"exception":"-","method":"POST","url":"/csrfModifyData","ip":"::1","date":"Mon, 12 Oct 2020 07:07:26 GMT"}
{"exception":"-","method":"POST","url":"/csrfModifyData","ip":"::1","date":"Mon, 12 Oct 2020 07:07:33 GMT"}
{"exception":"-","method":"GET","url":"/csrfTestGet","ip":"::1","date":"Mon, 12 Oct 2020 07:10:10 GMT"}
{"exception":"-","method":"GET","url":"/csrfTestGet","ip":"::1","date":"Mon, 12 Oct 2020 07:10:12 GMT"}
{"exception":"-","method":"POST","url":"/csrfModifyData","ip":"::1","date":"Mon, 12 Oct 2020 07:10:34 GMT"}
{"exception":"-","method":"GET","url":"/csrfTestGet","ip":"::1","date":"Mon, 12 Oct 2020 07:11:38 GMT"}
{"exception":"-","method":"GET","url":"/csrfTestGet","ip":"::1","date":"Mon, 12 Oct 2020 07:12:18 GMT"}
{"exception":"-","method":"POST","url":"/csrfModifyData","ip":"::1","date":"Mon, 12 Oct 2020 07:12:29 GMT"}
{"exception":"-","method":"POST","url":"/csrfModifyData","ip":"::1","date":"Mon, 12 Oct 2020 07:12:43 GMT"}
{"exception":"-","method":"GET","url":"/csrfTestGet","ip":"::1","date":"Mon, 12 Oct 2020 07:14:29 GMT"}
{"exception":"-","method":"GET","url":"/csrfTestGet","ip":"::1","date":"Mon, 12 Oct 2020 07:15:17 GMT"}
{"exception":"-","method":"GET","url":"/csrfTestGet","ip":"::1","date":"Mon, 12 Oct 2020 07:15:18 GMT"}
{"exception":"-","method":"GET","url":"/csrfTestGet","ip":"::1","date":"Mon, 12 Oct 2020 07:15:18 GMT"}
{"exception":"-","method":"GET","url":"/csrfTestGet","ip":"::1","date":"Mon, 12 Oct 2020 07:15:19 GMT"}
{"exception":"-","method":"GET","url":"/csrfTestGet","ip":"::1","date":"Mon, 12 Oct 2020 07:15:19 GMT"}
{"exception":"-","method":"GET","url":"/csrfTestGet","ip":"::1","date":"Mon, 12 Oct 2020 07:15:19 GMT"}
{"exception":"-","method":"GET","url":"/csrfTestGet","ip":"::1","date":"Mon, 12 Oct 2020 07:15:19 GMT"}
{"exception":"-","method":"GET","url":"/csrfTestGet","ip":"::1","date":"Mon, 12 Oct 2020 07:15:19 GMT"}
{"exception":"-","method":"GET","url":"/csrfTestGet","ip":"::1","date":"Mon, 12 Oct 2020 07:15:20 GMT"}
{"exception":"-","method":"GET","url":"/csrfTestGet","ip":"::1","date":"Mon, 12 Oct 2020 07:15:20 GMT"}
{"exception":"-","method":"GET","url":"/csrfTestGet","ip":"::1","date":"Mon, 12 Oct 2020 07:15:20 GMT"}
{"exception":"-","method":"GET","url":"/csrfTestGet","ip":"::1","date":"Mon, 12 Oct 2020 07:15:20 GMT"}
{"exception":"-","method":"GET","url":"/csrfTestGet","ip":"::1","date":"Mon, 12 Oct 2020 07:15:20 GMT"}
{"exception":"-","method":"GET","url":"/csrfTestGet","ip":"::1","date":"Mon, 12 Oct 2020 07:15:21 GMT"}
{"exception":"-","method":"GET","url":"/csrfTestGet","ip":"::1","date":"Mon, 12 Oct 2020 07:15:21 GMT"}
{"exception":"-","method":"POST","url":"/csrfModifyData","ip":"::1","date":"Mon, 12 Oct 2020 07:16:06 GMT"}
{"exception":"-","method":"GET","url":"/csrfTestGet","ip":"::1","date":"Mon, 12 Oct 2020 07:17:29 GMT"}
{"exception":"-","method":"POST","url":"/csrfModifyData","ip":"::1","date":"Mon, 12 Oct 2020 07:17:33 GMT"}
{"exception":"-","method":"POST","url":"/csrfModifyData","ip":"::1","date":"Mon, 12 Oct 2020 07:17:49 GMT"}
{"exception":"-","method":"GET","url":"/csrfTestGet","ip":"::1","date":"Mon, 12 Oct 2020 07:21:34 GMT"}
{"exception":"-","method":"POST","url":"/csrfModifyData","ip":"::1","date":"Mon, 12 Oct 2020 07:21:50 GMT"}
{"exception":"-","method":"GET","url":"/csrfTestGet","ip":"::1","date":"Mon, 12 Oct 2020 07:22:45 GMT"}
{"exception":"-","method":"POST","url":"/csrfModifyData","ip":"::1","date":"Mon, 12 Oct 2020 07:23:00 GMT"}
{"exception":"-","method":"POST","url":"/csrfModifyData","ip":"::1","date":"Mon, 12 Oct 2020 07:23:03 GMT"}
{"exception":"-","method":"POST","url":"/csrfModifyData","ip":"::1","date":"Mon, 12 Oct 2020 07:23:03 GMT"}
{"exception":"-","method":"GET","url":"/getToken.html","ip":"::1","date":"Mon, 12 Oct 2020 07:34:35 GMT"}
{"exception":"-","method":"GET","url":"/csrfTestGet","ip":"::1","date":"Mon, 12 Oct 2020 07:34:35 GMT"}
{"exception":"-","method":"POST","url":"/csrfModifyData","ip":"::1","date":"Mon, 12 Oct 2020 07:34:38 GMT"}
{"exception":"-","method":"GET","url":"/getToken.html","ip":"::1","date":"Mon, 12 Oct 2020 07:35:20 GMT"}
{"exception":"-","method":"GET","url":"/csrfTestGet","ip":"::1","date":"Mon, 12 Oct 2020 07:35:20 GMT"}
{"exception":"-","method":"GET","url":"/getToken.html","ip":"::1","date":"Mon, 12 Oct 2020 07:35:21 GMT"}
{"exception":"-","method":"GET","url":"/csrfTestGet","ip":"::1","date":"Mon, 12 Oct 2020 07:35:21 GMT"}
{"exception":"-","method":"GET","url":"/getToken.html","ip":"::1","date":"Mon, 12 Oct 2020 07:35:21 GMT"}
{"exception":"-","method":"GET","url":"/csrfTestGet","ip":"::1","date":"Mon, 12 Oct 2020 07:35:21 GMT"}
{"exception":"-","method":"GET","url":"/getToken.html","ip":"::1","date":"Mon, 12 Oct 2020 07:35:21 GMT"}
{"exception":"-","method":"GET","url":"/csrfTestGet","ip":"::1","date":"Mon, 12 Oct 2020 07:35:21 GMT"}
{"exception":"-","method":"GET","url":"/getToken.html","ip":"::1","date":"Mon, 12 Oct 2020 07:35:22 GMT"}
{"exception":"-","method":"GET","url":"/csrfTestGet","ip":"::1","date":"Mon, 12 Oct 2020 07:35:22 GMT"}
{"exception":"-","method":"GET","url":"/getToken.html","ip":"::1","date":"Mon, 12 Oct 2020 07:35:22 GMT"}
{"exception":"-","method":"GET","url":"/csrfTestGet","ip":"::1","date":"Mon, 12 Oct 2020 07:35:22 GMT"}
{"exception":"-","method":"GET","url":"/getToken.html","ip":"::1","date":"Mon, 12 Oct 2020 07:35:22 GMT"}
{"exception":"-","method":"GET","url":"/csrfTestGet","ip":"::1","date":"Mon, 12 Oct 2020 07:35:22 GMT"}
{"exception":"-","method":"GET","url":"/getToken.html","ip":"::1","date":"Mon, 12 Oct 2020 07:35:23 GMT"}
{"exception":"-","method":"GET","url":"/csrfTestGet","ip":"::1","date":"Mon, 12 Oct 2020 07:35:23 GMT"}
{"exception":"-","method":"GET","url":"/getToken.html","ip":"::1","date":"Mon, 12 Oct 2020 07:35:23 GMT"}
{"exception":"-","method":"GET","url":"/csrfTestGet","ip":"::1","date":"Mon, 12 Oct 2020 07:35:23 GMT"}
{"exception":"-","method":"GET","url":"/getToken.html","ip":"::1","date":"Mon, 12 Oct 2020 07:35:45 GMT"}
{"exception":"-","method":"GET","url":"/csrfTestGet","ip":"::1","date":"Mon, 12 Oct 2020 07:35:45 GMT"}
{"exception":"-","method":"GET","url":"/getToken.html","ip":"::1","date":"Mon, 12 Oct 2020 07:36:28 GMT"}
{"exception":"-","method":"GET","url":"/csrftestGet","ip":"::1","date":"Mon, 12 Oct 2020 07:36:29 GMT"}
{"exception":"-","method":"GET","url":"/getToken.html","ip":"::1","date":"Mon, 12 Oct 2020 07:36:29 GMT"}
{"exception":"-","method":"GET","url":"/csrftestGet","ip":"::1","date":"Mon, 12 Oct 2020 07:36:29 GMT"}
{"exception":"-","method":"GET","url":"/getToken.html","ip":"::1","date":"Mon, 12 Oct 2020 07:36:30 GMT"}
{"exception":"-","method":"GET","url":"/csrftestGet","ip":"::1","date":"Mon, 12 Oct 2020 07:36:30 GMT"}
{"exception":"-","method":"GET","url":"/getToken.html","ip":"::1","date":"Mon, 12 Oct 2020 07:36:30 GMT"}
{"exception":"-","method":"GET","url":"/csrftestGet","ip":"::1","date":"Mon, 12 Oct 2020 07:36:30 GMT"}
{"exception":"-","method":"GET","url":"/getToken.html","ip":"::1","date":"Mon, 12 Oct 2020 07:36:39 GMT"}
{"exception":"-","method":"GET","url":"/csrftestGet","ip":"::1","date":"Mon, 12 Oct 2020 07:36:39 GMT"}
{"exception":"-","method":"GET","url":"/getToken.html","ip":"::1","date":"Mon, 12 Oct 2020 07:36:55 GMT"}
{"exception":"-","method":"GET","url":"/csrftestGet","ip":"::1","date":"Mon, 12 Oct 2020 07:36:55 GMT"}
{"exception":"-","method":"GET","url":"/getToken.html","ip":"::1","date":"Mon, 12 Oct 2020 07:37:27 GMT"}
{"exception":"-","method":"GET","url":"/csrftestGet","ip":"::1","date":"Mon, 12 Oct 2020 07:37:27 GMT"}
{"exception":"-","method":"GET","url":"/getToken.html","ip":"::1","date":"Mon, 12 Oct 2020 07:37:27 GMT"}
{"exception":"-","method":"GET","url":"/csrftestGet","ip":"::1","date":"Mon, 12 Oct 2020 07:37:28 GMT"}
{"exception":"-","method":"GET","url":"/getToken.html","ip":"::1","date":"Mon, 12 Oct 2020 07:37:52 GMT"}
{"exception":"-","method":"GET","url":"/csrftestGet","ip":"::1","date":"Mon, 12 Oct 2020 07:37:52 GMT"}
{"exception":"-","method":"GET","url":"/getToken.html","ip":"::1","date":"Mon, 12 Oct 2020 07:37:54 GMT"}
{"exception":"-","method":"GET","url":"/csrftestGet","ip":"::1","date":"Mon, 12 Oct 2020 07:37:54 GMT"}
{"exception":"-","method":"GET","url":"/getToken.html","ip":"::1","date":"Mon, 12 Oct 2020 07:38:55 GMT"}
{"exception":"-","method":"GET","url":"/csrftestGet","ip":"::1","date":"Mon, 12 Oct 2020 07:38:55 GMT"}
{"exception":"-","method":"GET","url":"/view1User.html","ip":"::1","date":"Mon, 12 Oct 2020 07:39:28 GMT"}
{"exception":"-","method":"GET","url":"/user","ip":"::1","date":"Mon, 12 Oct 2020 07:39:28 GMT"}
{"exception":"-","method":"GET","url":"/getToken.html","ip":"::1","date":"Mon, 12 Oct 2020 07:40:29 GMT"}
{"exception":"-","method":"GET","url":"/csrftestGet","ip":"::1","date":"Mon, 12 Oct 2020 07:40:29 GMT"}
{"exception":"-","method":"GET","url":"/getToken.html","ip":"::1","date":"Mon, 12 Oct 2020 07:40:30 GMT"}
{"exception":"-","method":"GET","url":"/csrftestGet","ip":"::1","date":"Mon, 12 Oct 2020 07:40:30 GMT"}
{"exception":"-","method":"GET","url":"/getToken.html","ip":"::1","date":"Mon, 12 Oct 2020 07:40:31 GMT"}
{"exception":"-","method":"GET","url":"/csrftestGet","ip":"::1","date":"Mon, 12 Oct 2020 07:40:31 GMT"}
{"exception":"-","method":"GET","url":"/getToken.html","ip":"::1","date":"Mon, 12 Oct 2020 07:40:45 GMT"}
{"exception":"-","method":"GET","url":"/csrftestGet","ip":"::1","date":"Mon, 12 Oct 2020 07:40:45 GMT"}
{"exception":"-","method":"GET","url":"/getToken.html","ip":"::1","date":"Mon, 12 Oct 2020 07:40:46 GMT"}
{"exception":"-","method":"GET","url":"/csrftestGet","ip":"::1","date":"Mon, 12 Oct 2020 07:40:46 GMT"}
{"exception":"-","method":"GET","url":"/getToken.html","ip":"::1","date":"Mon, 12 Oct 2020 07:40:46 GMT"}
{"exception":"-","method":"GET","url":"/csrftestGet","ip":"::1","date":"Mon, 12 Oct 2020 07:40:46 GMT"}
{"exception":"-","method":"GET","url":"/getToken.html","ip":"::1","date":"Mon, 12 Oct 2020 07:40:46 GMT"}
{"exception":"-","method":"GET","url":"/csrftestGet","ip":"::1","date":"Mon, 12 Oct 2020 07:40:46 GMT"}
{"exception":"-","method":"GET","url":"/getToken.html","ip":"::1","date":"Mon, 12 Oct 2020 07:41:03 GMT"}
{"exception":"-","method":"GET","url":"/csrftestGet","ip":"::1","date":"Mon, 12 Oct 2020 07:41:03 GMT"}
{"exception":"-","method":"GET","url":"/getToken.html","ip":"::1","date":"Mon, 12 Oct 2020 07:41:12 GMT"}
{"exception":"-","method":"GET","url":"/csrftestGet","ip":"::1","date":"Mon, 12 Oct 2020 07:41:12 GMT"}
{"exception":"-","method":"GET","url":"/getToken.html","ip":"::1","date":"Mon, 12 Oct 2020 07:41:53 GMT"}
{"exception":"-","method":"GET","url":"/csrftestGet","ip":"::1","date":"Mon, 12 Oct 2020 07:41:53 GMT"}
{"exception":"-","method":"POST","url":"/csrfModifyData","ip":"::1","date":"Mon, 12 Oct 2020 07:41:56 GMT"}
{"exception":"-","method":"POST","url":"/csrfModifyData","ip":"::1","date":"Mon, 12 Oct 2020 07:41:59 GMT"}
{"exception":"-","method":"GET","url":"/csrftestGet","ip":"::1","date":"Mon, 12 Oct 2020 07:42:00 GMT"}
{"exception":"-","method":"GET","url":"/getToken.html","ip":"::1","date":"Mon, 12 Oct 2020 07:42:23 GMT"}
{"exception":"-","method":"GET","url":"/csrftestGet","ip":"::1","date":"Mon, 12 Oct 2020 07:42:23 GMT"}
{"exception":"-","method":"GET","url":"/getToken.html","ip":"::1","date":"Mon, 12 Oct 2020 07:42:56 GMT"}
{"exception":"-","method":"GET","url":"/csrftestGet","ip":"::1","date":"Mon, 12 Oct 2020 07:42:56 GMT"}
{"exception":"-","method":"GET","url":"/getToken.html","ip":"::1","date":"Mon, 12 Oct 2020 07:44:07 GMT"}
{"exception":"-","method":"GET","url":"/csrftestGet","ip":"::1","date":"Mon, 12 Oct 2020 07:44:07 GMT"}
{"exception":"-","method":"POST","url":"/csrfModifyData","ip":"::1","date":"Mon, 12 Oct 2020 07:44:12 GMT"}
{"exception":"-","method":"GET","url":"/getToken.html","ip":"::1","date":"Mon, 12 Oct 2020 07:44:40 GMT"}
{"exception":"-","method":"GET","url":"/csrftestGet","ip":"::1","date":"Mon, 12 Oct 2020 07:44:40 GMT"}
{"exception":"-","method":"POST","url":"/csrfModifyData","ip":"::1","date":"Mon, 12 Oct 2020 07:44:48 GMT"}
{"exception":"-","method":"POST","url":"/csrfModifyData","ip":"::1","date":"Mon, 12 Oct 2020 07:45:02 GMT"}
{"exception":"-","method":"POST","url":"/csrfModifyData","ip":"::1","date":"Mon, 12 Oct 2020 07:45:03 GMT"}
{"exception":"-","method":"POST","url":"/csrfModifyData","ip":"::1","date":"Mon, 12 Oct 2020 07:45:04 GMT"}
{"exception":"-","method":"POST","url":"/csrfModifyData","ip":"::1","date":"Mon, 12 Oct 2020 07:45:05 GMT"}
{"exception":"-","method":"POST","url":"/csrfModifyData","ip":"::1","date":"Mon, 12 Oct 2020 07:45:05 GMT"}
{"exception":"-","method":"POST","url":"/csrfModifyData","ip":"::1","date":"Mon, 12 Oct 2020 07:45:05 GMT"}
{"exception":"-","method":"POST","url":"/csrfModifyData","ip":"::1","date":"Mon, 12 Oct 2020 07:45:05 GMT"}
{"exception":"-","method":"GET","url":"/csrftestGet","ip":"::1","date":"Mon, 12 Oct 2020 07:45:06 GMT"}
{"exception":"-","method":"GET","url":"/getToken.html","ip":"::1","date":"Mon, 12 Oct 2020 07:45:08 GMT"}
{"exception":"-","method":"GET","url":"/csrftestGet","ip":"::1","date":"Mon, 12 Oct 2020 07:45:08 GMT"}
{"exception":"-","method":"GET","url":"/getToken.html","ip":"::1","date":"Mon, 12 Oct 2020 07:45:19 GMT"}
{"exception":"-","method":"GET","url":"/csrftestGet","ip":"::1","date":"Mon, 12 Oct 2020 07:45:19 GMT"}
{"exception":"-","method":"GET","url":"/getToken.html","ip":"::1","date":"Mon, 12 Oct 2020 07:45:32 GMT"}
{"exception":"-","method":"GET","url":"/csrftestGet","ip":"::1","date":"Mon, 12 Oct 2020 07:45:32 GMT"}
{"exception":"-","method":"GET","url":"/getToken.html","ip":"::1","date":"Mon, 12 Oct 2020 07:45:36 GMT"}
{"exception":"-","method":"GET","url":"/csrftestGet","ip":"::1","date":"Mon, 12 Oct 2020 07:45:36 GMT"}
{"exception":"-","method":"GET","url":"/getToken.html","ip":"::1","date":"Mon, 12 Oct 2020 07:45:44 GMT"}
{"exception":"-","method":"GET","url":"/csrftestGet","ip":"::1","date":"Mon, 12 Oct 2020 07:45:44 GMT"}
{"exception":"-","method":"GET","url":"/getToken.html","ip":"::1","date":"Mon, 12 Oct 2020 07:45:45 GMT"}
{"exception":"-","method":"GET","url":"/csrftestGet","ip":"::1","date":"Mon, 12 Oct 2020 07:45:45 GMT"}
{"exception":"-","method":"GET","url":"/getToken.html","ip":"::1","date":"Mon, 12 Oct 2020 07:45:49 GMT"}
{"exception":"-","method":"GET","url":"/csrftestGet","ip":"::1","date":"Mon, 12 Oct 2020 07:45:49 GMT"}
{"exception":"-","method":"GET","url":"/getToken.html","ip":"::1","date":"Mon, 12 Oct 2020 07:45:55 GMT"}
{"exception":"-","method":"GET","url":"/csrftestGet","ip":"::1","date":"Mon, 12 Oct 2020 07:45:55 GMT"}
{"exception":"-","method":"GET","url":"/getToken.html","ip":"::1","date":"Mon, 12 Oct 2020 07:46:29 GMT"}
{"exception":"-","method":"GET","url":"/csrftestGet","ip":"::1","date":"Mon, 12 Oct 2020 07:46:29 GMT"}
{"exception":"-","method":"GET","url":"/getToken.html","ip":"::1","date":"Mon, 12 Oct 2020 07:46:30 GMT"}
{"exception":"-","method":"GET","url":"/csrftestGet","ip":"::1","date":"Mon, 12 Oct 2020 07:46:30 GMT"}
{"exception":"-","method":"GET","url":"/getToken.html","ip":"::1","date":"Mon, 12 Oct 2020 07:51:01 GMT"}
{"exception":"-","method":"GET","url":"/csrftestGet","ip":"::1","date":"Mon, 12 Oct 2020 07:51:01 GMT"}
{"exception":"-","method":"GET","url":"/getToken.html","ip":"::1","date":"Mon, 12 Oct 2020 07:51:03 GMT"}
{"exception":"-","method":"GET","url":"/csrftestGet","ip":"::1","date":"Mon, 12 Oct 2020 07:51:03 GMT"}
{"exception":"-","method":"GET","url":"/getToken.html","ip":"::1","date":"Mon, 12 Oct 2020 07:51:04 GMT"}
{"exception":"-","method":"GET","url":"/csrftestGet","ip":"::1","date":"Mon, 12 Oct 2020 07:51:04 GMT"}
{"exception":"-","method":"POST","url":"/csrfModifyData","ip":"::1","date":"Mon, 12 Oct 2020 07:51:05 GMT"}
{"exception":"Error: ER_ACCESS_DENIED_ERROR: Access denied for user 'root'@'localhost' (using password: YES)","method":"GET","url":"/user","ip":"::1","date":"Sun, 24 Jan 2021 05:06:34 GMT"}
{"exception":"Error: ER_ACCESS_DENIED_ERROR: Access denied for user 'root'@'localhost' (using password: YES)","method":"GET","url":"/user","ip":"::1","date":"Sun, 24 Jan 2021 05:06:36 GMT"}
{"exception":"Error: ER_ACCESS_DENIED_ERROR: Access denied for user 'root'@'localhost' (using password: YES)","method":"GET","url":"/user","ip":"::1","date":"Sun, 24 Jan 2021 05:07:11 GMT"}
{"exception":"Error: ER_ACCESS_DENIED_ERROR: Access denied for user 'root'@'localhost' (using password: YES)","method":"GET","url":"/user","ip":"::1","date":"Sun, 24 Jan 2021 05:07:13 GMT"}
{"exception":"-","method":"GET","url":"/user","ip":"::1","date":"Sun, 24 Jan 2021 05:07:26 GMT"}
{"exception":"-","method":"POST","url":"/user/login?email=johntan@gmail.com&password=abc123","ip":"::1","date":"Sun, 24 Jan 2021 14:04:33 GMT"}
{"exception":"-","method":"POST","url":"/user/login","ip":"::1","date":"Sun, 24 Jan 2021 14:05:32 GMT"}
{"exception":"-","method":"GET","url":"/user","ip":"::1","date":"Sun, 24 Jan 2021 14:05:32 GMT"}
{"exception":"-","method":"POST","url":"/user/login","ip":"::1","date":"Sun, 24 Jan 2021 14:14:23 GMT"}
{"exception":"-","method":"POST","url":"/user/login","ip":"::1","date":"Sun, 24 Jan 2021 14:14:28 GMT"}
{"exception":"-","method":"GET","url":"/user","ip":"::1","date":"Sun, 24 Jan 2021 14:14:29 GMT"}
{"exception":"-","method":"POST","url":"/user/login","ip":"::1","date":"Sun, 24 Jan 2021 14:20:58 GMT"}
{"exception":"-","method":"GET","url":"/user","ip":"::1","date":"Sun, 24 Jan 2021 14:20:58 GMT"}
{"exception":"-","method":"GET","url":"/csrftestGet","ip":"::1","date":"Sun, 24 Jan 2021 14:22:23 GMT"}
{"exception":"-","method":"GET","url":"/user/login.html","ip":"::1","date":"Sun, 24 Jan 2021 14:29:36 GMT"}
{"exception":"-","method":"GET","url":"/favicon.ico","ip":"::1","date":"Sun, 24 Jan 2021 14:29:36 GMT"}
{"exception":"-","method":"POST","url":"/user/login?email=john@gmail.com&password=abc123","ip":"::1","date":"Sun, 24 Jan 2021 14:32:07 GMT"}
{"exception":"-","method":"POST","url":"/user/login?email=john@gmail.com&password=abc123","ip":"::1","date":"Sun, 24 Jan 2021 14:33:42 GMT"}
{"exception":"-","method":"GET","url":"/user/1","ip":"::1","date":"Sun, 24 Jan 2021 14:51:22 GMT"}
{"exception":"-","method":"POST","url":"/user/login","ip":"::1","date":"Sun, 24 Jan 2021 14:52:04 GMT"}
{"exception":"-","method":"GET","url":"/user","ip":"::1","date":"Sun, 24 Jan 2021 14:52:04 GMT"}
{"exception":"-","method":"GET","url":"/hash?password=abc123","ip":"::1","date":"Sun, 24 Jan 2021 14:56:54 GMT"}
{"exception":"-","method":"GET","url":"/hash/?password=abc123","ip":"::1","date":"Sun, 24 Jan 2021 14:58:21 GMT"}
{"exception":"-","method":"GET","url":"/hash?password=abc123","ip":"::1","date":"Sun, 24 Jan 2021 14:59:10 GMT"}
{"exception":"-","method":"GET","url":"/hash","ip":"::1","date":"Sun, 24 Jan 2021 15:01:50 GMT"}
{"exception":"-","method":"GET","url":"/hash/","ip":"::1","date":"Sun, 24 Jan 2021 15:01:57 GMT"}
{"exception":"-","method":"GET","url":"/hash?password=abc123","ip":"::1","date":"Sun, 24 Jan 2021 15:02:18 GMT"}
{"exception":"-","method":"GET","url":"/hash/password?password=abc123","ip":"::1","date":"Sun, 24 Jan 2021 15:02:39 GMT"}
{"exception":"-","method":"POST","url":"/hashVerify?password=abc123&hash=$2a$10$Ym3NN.dyQWaUyJegg/qPk.Yn2BuKygsg.QINDQa8zU8h0BN9dSVgG","ip":"::1","date":"Sun, 24 Jan 2021 15:05:47 GMT"}
{"exception":"-","method":"GET","url":"/hash/password?password=abc123","ip":"::1","date":"Sun, 24 Jan 2021 15:06:52 GMT"}
{"exception":"-","method":"POST","url":"/hashVerify?password=abc123&hash=$2a$10$eObgiefRcFucLkKdOz5OROEfLMWw.f6K2VJ4mv9pXm23NypuLAw3i","ip":"::1","date":"Sun, 24 Jan 2021 15:07:13 GMT"}
{"exception":"-","method":"GET","url":"/hashVerify?password=abc123&hash=$2a$10$eObgiefRcFucLkKdOz5OROEfLMWw.f6K2VJ4mv9pXm23NypuLAw3i","ip":"::1","date":"Sun, 24 Jan 2021 15:08:41 GMT"}
{"exception":"-","method":"GET","url":"/hash/password?password=abc123","ip":"::1","date":"Sun, 24 Jan 2021 15:09:21 GMT"}
{"exception":"-","method":"POST","url":"/hashVerify?password=abc123&hash=$2a$10$KiV4hldw3Bz5QLjQ6vASXuH2LyggdsreXINHNyngZsGB9YXDl0HYW","ip":"::1","date":"Sun, 24 Jan 2021 15:09:42 GMT"}
{"exception":"-","method":"GET","url":"/hash?password=abc123","ip":"::1","date":"Sun, 24 Jan 2021 15:12:53 GMT"}
{"exception":"-","method":"GET","url":"/hash/password?password=abc123","ip":"::1","date":"Sun, 24 Jan 2021 15:13:02 GMT"}
{"exception":"-","method":"POST","url":"/hashVerify?password=abc123&hash=$2a$10$KiV4hldw3Bz5QLjQ6vASXuH2LyggdsreXINHNyngZsGB9YXDl0HYW","ip":"::1","date":"Sun, 24 Jan 2021 15:16:07 GMT"}
{"exception":"-","method":"POST","url":"/hashVerify?password=abc123&hash=%22$2a$10$KiV4hldw3Bz5QLjQ6vASXuH2LyggdsreXINHNyngZsGB9YXDl0HYW%22","ip":"::1","date":"Sun, 24 Jan 2021 15:17:44 GMT"}
{"exception":"-","method":"POST","url":"/hashVerify?password=abc123&hash=$2a$10$KiV4hldw3Bz5QLjQ6vASXuH2LyggdsreXINHNyngZsGB9YXDl0HYW","ip":"::1","date":"Sun, 24 Jan 2021 15:17:53 GMT"}
{"exception":"-","method":"POST","url":"/hashVerify","ip":"::1","date":"Sun, 24 Jan 2021 15:19:24 GMT"}
{"exception":"-","method":"GET","url":"/hash/password?password=abc123","ip":"::1","date":"Sun, 24 Jan 2021 15:19:42 GMT"}
{"exception":"-","method":"POST","url":"/hashVerify","ip":"::1","date":"Sun, 24 Jan 2021 15:20:18 GMT"}
{"exception":"-","method":"POST","url":"/hashVerify","ip":"::1","date":"Sun, 24 Jan 2021 15:22:16 GMT"}
{"exception":"-","method":"POST","url":"/hashVerify","ip":"::1","date":"Sun, 24 Jan 2021 15:22:50 GMT"}
{"exception":"-","method":"POST","url":"/hashVerify","ip":"::1","date":"Sun, 24 Jan 2021 15:23:01 GMT"}
{"exception":"-","method":"GET","url":"/hash/password?password=abc123","ip":"::1","date":"Sun, 24 Jan 2021 15:23:27 GMT"}
{"exception":"-","method":"POST","url":"/hashVerify","ip":"::1","date":"Sun, 24 Jan 2021 15:23:48 GMT"}
