{"exception":"-","method":"POST","url":"//csrfModifyData","ip":"::1","date":"Sun, 24 Jan 2021 17:11:00 GMT"}
{"exception":"-","method":"GET","url":"/csrftestGet","ip":"::1","date":"Sun, 24 Jan 2021 17:11:20 GMT"}
{"exception":"-","method":"POST","url":"//csrfModifyData","ip":"::1","date":"Sun, 24 Jan 2021 17:11:58 GMT"}
{"exception":"-","method":"POST","url":"/csrfModifyData","ip":"::1","date":"Sun, 24 Jan 2021 17:13:05 GMT"}
{"exception":"-","method":"GET","url":"/csrftestGet","ip":"::1","date":"Sun, 24 Jan 2021 17:13:17 GMT"}
{"exception":"-","method":"POST","url":"/csrfModifyData","ip":"::1","date":"Sun, 24 Jan 2021 17:13:23 GMT"}
{"exception":"-","method":"GET","url":"/csrftestGet","ip":"::1","date":"Sun, 24 Jan 2021 17:15:52 GMT"}
{"exception":"-","method":"GET","url":"/csrftestGet","ip":"::1","date":"Sun, 24 Jan 2021 17:36:30 GMT"}
{"exception":"-","method":"POST","url":"/csrfModifyData","ip":"::1","date":"Sun, 24 Jan 2021 17:36:53 GMT"}
{"exception":"-","method":"POST","url":"/csrfModifyData","ip":"::1","date":"Sun, 24 Jan 2021 17:37:38 GMT"}
{"exception":"-","method":"GET","url":"/csrftestGet","ip":"::1","date":"Mon, 25 Jan 2021 01:40:19 GMT"}
{"exception":"-","method":"GET","url":"/csrftestGet","ip":"::1","date":"Mon, 25 Jan 2021 01:40:45 GMT"}
{"exception":"-","method":"POST","url":"/csrfModifyData","ip":"::1","date":"Mon, 25 Jan 2021 01:41:15 GMT"}
{"exception":"-","method":"GET","url":"/csrftestGet","ip":"::1","date":"Mon, 25 Jan 2021 01:41:22 GMT"}
{"exception":"-","method":"POST","url":"/csrfModifyData","ip":"::1","date":"Mon, 25 Jan 2021 01:41:28 GMT"}
{"exception":"-","method":"GET","url":"/csrftestGet","ip":"::1","date":"Mon, 25 Jan 2021 01:44:16 GMT"}
{"exception":"-","method":"POST","url":"/csrfModifyData","ip":"::1","date":"Mon, 25 Jan 2021 01:44:22 GMT"}
{"exception":"-","method":"GET","url":"/csrftestGet","ip":"::1","date":"Mon, 25 Jan 2021 03:33:59 GMT"}
{"exception":"-","method":"POST","url":"/csrfModifyData","ip":"::1","date":"Mon, 25 Jan 2021 03:34:11 GMT"}
{"exception":"-","method":"POST","url":"/csrfModifyData","ip":"::1","date":"Mon, 25 Jan 2021 03:34:41 GMT"}
{"exception":"-","method":"POST","url":"/csrfModifyData","ip":"::1","date":"Mon, 25 Jan 2021 03:34:56 GMT"}
