{"exception":"-","method":"GET","url":"/csrftestGet","ip":"::1","date":"Tue, 24 Jan 2023 03:05:01 GMT"}
{"exception":"-","method":"POST","url":"/csrfModifyData","ip":"::1","date":"Tue, 24 Jan 2023 03:07:17 GMT"}
{"exception":"-","method":"POST","url":"/csrfModifyData","ip":"::1","date":"Tue, 24 Jan 2023 03:08:45 GMT"}
{"exception":"-","method":"POST","url":"/csrfModifyData","ip":"::1","date":"Tue, 24 Jan 2023 03:09:12 GMT"}
{"exception":"-","method":"POST","url":"/csrfModifyData","ip":"::1","date":"Tue, 24 Jan 2023 03:11:28 GMT"}
{"exception":"-","method":"GET","url":"/csrftestGet","ip":"::1","date":"Tue, 24 Jan 2023 03:11:36 GMT"}
{"exception":"-","method":"POST","url":"/csrfModifyData","ip":"::1","date":"Tue, 24 Jan 2023 03:11:54 GMT"}
{"exception":"-","method":"POST","url":"/csrfModifyData","ip":"::1","date":"Tue, 24 Jan 2023 03:12:51 GMT"}
{"exception":"-","method":"POST","url":"/csrfModifyData","ip":"::1","date":"Tue, 24 Jan 2023 03:12:57 GMT"}
{"exception":"-","method":"POST","url":"/csrfModifyData","ip":"::1","date":"Tue, 24 Jan 2023 03:12:58 GMT"}
{"exception":"-","method":"GET","url":"/csrftestGet","ip":"::1","date":"Tue, 24 Jan 2023 03:13:05 GMT"}
{"exception":"-","method":"POST","url":"/csrfModifyData","ip":"::1","date":"Tue, 24 Jan 2023 03:13:23 GMT"}
{"exception":"-","method":"POST","url":"/csrfModifyData","ip":"::1","date":"Tue, 24 Jan 2023 03:15:00 GMT"}
{"exception":"-","method":"GET","url":"/csrftestGet","ip":"::1","date":"Tue, 24 Jan 2023 03:15:31 GMT"}
{"exception":"-","method":"GET","url":"/csrftestGet","ip":"::1","date":"Tue, 24 Jan 2023 03:15:33 GMT"}
{"exception":"-","method":"GET","url":"/csrftestGet","ip":"::1","date":"Tue, 24 Jan 2023 03:15:33 GMT"}
{"exception":"-","method":"GET","url":"/csrftestGet","ip":"::1","date":"Tue, 24 Jan 2023 03:15:34 GMT"}
{"exception":"-","method":"GET","url":"/csrftestGet","ip":"::1","date":"Tue, 24 Jan 2023 03:15:34 GMT"}
{"exception":"-","method":"GET","url":"/csrftestGet","ip":"::1","date":"Tue, 24 Jan 2023 03:15:34 GMT"}
{"exception":"-","method":"GET","url":"/csrftestGet","ip":"::1","date":"Tue, 24 Jan 2023 03:15:34 GMT"}
{"exception":"-","method":"POST","url":"/csrfModifyData","ip":"::1","date":"Tue, 24 Jan 2023 03:16:32 GMT"}
{"exception":"-","method":"GET","url":"/csrftestGet","ip":"::1","date":"Tue, 24 Jan 2023 03:17:04 GMT"}
{"exception":"-","method":"POST","url":"/csrfModifyData","ip":"::1","date":"Tue, 24 Jan 2023 03:17:17 GMT"}
{"exception":"-","method":"POST","url":"/csrfModifyData","ip":"::1","date":"Tue, 24 Jan 2023 03:17:42 GMT"}
{"exception":"-","method":"GET","url":"/csrfModifyData","ip":"::1","date":"Tue, 24 Jan 2023 03:18:23 GMT"}
{"exception":"-","method":"GET","url":"/csrfModifyData","ip":"::1","date":"Tue, 24 Jan 2023 03:18:33 GMT"}
{"exception":"-","method":"POST","url":"/csrfModifyData","ip":"::1","date":"Tue, 24 Jan 2023 03:19:06 GMT"}
{"exception":"-","method":"GET","url":"/csrftestGet","ip":"::1","date":"Tue, 24 Jan 2023 03:20:39 GMT"}
{"exception":"-","method":"GET","url":"/csrftestGet","ip":"::1","date":"Tue, 24 Jan 2023 03:21:02 GMT"}
{"exception":"-","method":"POST","url":"/csrfModifyData","ip":"::1","date":"Tue, 24 Jan 2023 03:21:26 GMT"}
{"exception":"-","method":"POST","url":"/csrfModifyData","ip":"::1","date":"Tue, 24 Jan 2023 03:23:12 GMT"}
{"exception":"-","method":"GET","url":"/csrftestGet","ip":"::1","date":"Tue, 24 Jan 2023 03:26:33 GMT"}
{"exception":"-","method":"POST","url":"/csrfModifyData","ip":"::1","date":"Tue, 24 Jan 2023 03:26:48 GMT"}
{"exception":"-","method":"POST","url":"/csrfModifyData","ip":"::1","date":"Tue, 24 Jan 2023 03:26:59 GMT"}
{"exception":"-","method":"GET","url":"/csrftestGet","ip":"::1","date":"Tue, 24 Jan 2023 03:27:40 GMT"}
{"exception":"-","method":"GET","url":"/csrftestGet","ip":"::1","date":"Tue, 24 Jan 2023 03:27:56 GMT"}
{"exception":"-","method":"GET","url":"/csrftestGet","ip":"::1","date":"Tue, 24 Jan 2023 03:27:56 GMT"}
{"exception":"-","method":"GET","url":"/csrftestGet","ip":"::1","date":"Tue, 24 Jan 2023 03:27:57 GMT"}
{"exception":"-","method":"GET","url":"/csrftestGet","ip":"::1","date":"Tue, 24 Jan 2023 03:27:57 GMT"}
{"exception":"-","method":"POST","url":"/csrfModifyData","ip":"::1","date":"Tue, 24 Jan 2023 03:28:05 GMT"}
{"exception":"-","method":"GET","url":"/csrftestGet","ip":"::1","date":"Tue, 24 Jan 2023 03:37:25 GMT"}
{"exception":"-","method":"POST","url":"/csrfModifyData","ip":"::1","date":"Tue, 24 Jan 2023 03:37:45 GMT"}
{"exception":"-","method":"POST","url":"/csrfModifyData","ip":"::1","date":"Tue, 24 Jan 2023 03:37:57 GMT"}
{"exception":"-","method":"POST","url":"/csrfModifyData","ip":"::1","date":"Tue, 24 Jan 2023 03:39:39 GMT"}
{"exception":"-","method":"POST","url":"/csrfModifyData","ip":"::1","date":"Tue, 24 Jan 2023 03:39:47 GMT"}
{"exception":"-","method":"POST","url":"/csrfModifyData","ip":"::1","date":"Tue, 24 Jan 2023 03:39:48 GMT"}
{"exception":"-","method":"GET","url":"/csrftestGet","ip":"::1","date":"Tue, 24 Jan 2023 03:43:04 GMT"}
{"exception":"-","method":"POST","url":"/csrfModifyData","ip":"::1","date":"Tue, 24 Jan 2023 03:43:17 GMT"}
{"exception":"-","method":"POST","url":"/csrfModifyData","ip":"::1","date":"Tue, 24 Jan 2023 03:43:27 GMT"}
{"exception":"-","method":"POST","url":"/csrfModifyData","ip":"::1","date":"Tue, 24 Jan 2023 03:44:20 GMT"}
{"exception":"-","method":"POST","url":"/csrfModifyData","ip":"::1","date":"Tue, 24 Jan 2023 03:44:26 GMT"}
{"exception":"-","method":"GET","url":"/csrftestGet","ip":"::1","date":"Tue, 24 Jan 2023 03:44:36 GMT"}
{"exception":"-","method":"POST","url":"/csrfModifyData","ip":"::1","date":"Tue, 24 Jan 2023 03:44:53 GMT"}
{"exception":"-","method":"POST","url":"/csrfModifyData","ip":"::1","date":"Tue, 24 Jan 2023 03:45:11 GMT"}
{"exception":"-","method":"POST","url":"/csrfModifyData","ip":"::1","date":"Tue, 24 Jan 2023 03:46:07 GMT"}
{"exception":"-","method":"POST","url":"/csrfModifyData","ip":"::1","date":"Tue, 24 Jan 2023 03:46:08 GMT"}
{"exception":"-","method":"POST","url":"/csrfModifyData","ip":"::1","date":"Tue, 24 Jan 2023 03:55:56 GMT"}
{"exception":"-","method":"POST","url":"/csrfModifyData","ip":"::1","date":"Tue, 24 Jan 2023 03:55:57 GMT"}
{"exception":"-","method":"POST","url":"/csrfModifyData","ip":"::1","date":"Tue, 24 Jan 2023 03:55:57 GMT"}
{"exception":"-","method":"POST","url":"/csrfModifyData","ip":"::1","date":"Tue, 24 Jan 2023 03:55:57 GMT"}
{"exception":"-","method":"POST","url":"/csrfModifyData","ip":"::1","date":"Tue, 24 Jan 2023 03:55:58 GMT"}
{"exception":"-","method":"POST","url":"/csrfModifyData","ip":"::1","date":"Tue, 24 Jan 2023 03:55:58 GMT"}
{"exception":"-","method":"GET","url":"/csrftestGet","ip":"::1","date":"Tue, 24 Jan 2023 03:56:02 GMT"}
{"exception":"-","method":"POST","url":"/csrfModifyData","ip":"::1","date":"Tue, 24 Jan 2023 03:56:27 GMT"}
{"exception":"-","method":"POST","url":"/csrfModifyData","ip":"::1","date":"Wed, 25 Jan 2023 01:24:29 GMT"}
{"exception":"-","method":"GET","url":"/csrftestGet","ip":"::1","date":"Wed, 25 Jan 2023 01:24:45 GMT"}
